<?xml version="1.0" encoding="UTF-8"?>
<!-- Generated by org.testng.reporters.JUnitReportReporter -->
<testsuite hostname="Admin-PC" failures="0" tests="1" name="academy.validateNavigationbar" time="0.189" errors="0" timestamp="01 Sep 2020 13:58:23 GMT" skipped="0">
  <testcase classname="academy.validateNavigationbar" name="basePageNavigation" time="0.189"/>
</testsuite> <!-- academy.validateNavigationbar -->
