<?xml version="1.0" encoding="UTF-8"?>
<!-- Generated by org.testng.reporters.JUnitReportReporter -->
<testsuite hostname="Admin-PC" failures="0" tests="2" name="academy.HomePage" time="5.503" errors="0" timestamp="01 Sep 2020 17:11:58 GMT" skipped="0">
  <testcase classname="academy.HomePage" name="basePageNavigation" time="2.521"/>
  <testcase classname="academy.HomePage" name="basePageNavigation" time="2.982"/>
</testsuite> <!-- academy.HomePage -->
