<?xml version="1.0" encoding="UTF-8"?>
<!-- Generated by org.testng.reporters.JUnitReportReporter -->
<testsuite hostname="Admin-PC" failures="0" tests="2" name="academy.HomePage" time="8.949" errors="0" timestamp="01 Sep 2020 17:14:19 GMT" skipped="0">
  <testcase classname="academy.HomePage" name="basePageNavigation" time="2.607"/>
  <testcase classname="academy.HomePage" name="basePageNavigation" time="6.342"/>
</testsuite> <!-- academy.HomePage -->
